[Mon, 23 Apr 18 17:20:28 +0700][ERROR] [2]: JsController handler class cannot be loaded

[Mon, 23 Apr 18 17:20:28 +0700][ERROR] [2]: ImgController handler class cannot be loaded

[Mon, 23 Apr 18 17:20:28 +0700][ERROR] [2]: JsController handler class cannot be loaded

[Mon, 23 Apr 18 17:24:14 +0700][ERROR] [2]: JsController handler class cannot be loaded

[Mon, 23 Apr 18 17:24:14 +0700][ERROR] [2]: ImgController handler class cannot be loaded

[Mon, 23 Apr 18 17:24:14 +0700][ERROR] [2]: JsController handler class cannot be loaded

[Mon, 23 Apr 18 17:24:18 +0700][ERROR] [2]: JsController handler class cannot be loaded

[Mon, 23 Apr 18 17:24:18 +0700][ERROR] [2]: ImgController handler class cannot be loaded

[Mon, 23 Apr 18 17:24:18 +0700][ERROR] [2]: JsController handler class cannot be loaded

[Mon, 23 Apr 18 17:24:21 +0700][ERROR] [2]: JsController handler class cannot be loaded

[Mon, 23 Apr 18 17:24:21 +0700][ERROR] [2]: ImgController handler class cannot be loaded

[Mon, 23 Apr 18 17:24:21 +0700][ERROR] [2]: JsController handler class cannot be loaded

[Mon, 23 Apr 18 17:24:23 +0700][ERROR] [5]: Action 'img' was not found on handler 'event'

[Mon, 23 Apr 18 17:24:23 +0700][ERROR] [5]: Action 'vendor' was not found on handler 'event'

[Mon, 23 Apr 18 17:24:32 +0700][ERROR] [2]: JsController handler class cannot be loaded

[Mon, 23 Apr 18 17:24:32 +0700][ERROR] [2]: ImgController handler class cannot be loaded

[Mon, 23 Apr 18 17:24:32 +0700][ERROR] [2]: JsController handler class cannot be loaded

[Mon, 23 Apr 18 17:44:29 +0700][ERROR] [2]: JsController handler class cannot be loaded

[Mon, 23 Apr 18 17:44:33 +0700][ERROR] [2]: ImgController handler class cannot be loaded

[Mon, 23 Apr 18 17:44:35 +0700][ERROR] [2]: ImgController handler class cannot be loaded

[Mon, 23 Apr 18 17:44:35 +0700][ERROR] [2]: JsController handler class cannot be loaded

[Mon, 23 Apr 18 17:50:48 +0700][ERROR] [2]: ImgController handler class cannot be loaded

[Mon, 23 Apr 18 17:50:48 +0700][ERROR] [2]: JsController handler class cannot be loaded

[Mon, 23 Apr 18 17:50:48 +0700][ERROR] [2]: JsController handler class cannot be loaded

[Mon, 23 Apr 18 17:55:47 +0700][ERROR] [2]: JsController handler class cannot be loaded

[Mon, 23 Apr 18 17:55:50 +0700][ERROR] [5]: Action 'vendor' was not found on handler 'event'

[Mon, 23 Apr 18 17:55:51 +0700][ERROR] [5]: Action 'vendor' was not found on handler 'event'

[Mon, 23 Apr 18 17:55:51 +0700][ERROR] [5]: Action 'js' was not found on handler 'event'

[Mon, 23 Apr 18 17:55:51 +0700][ERROR] [5]: Action 'js' was not found on handler 'event'

[Mon, 23 Apr 18 17:55:51 +0700][ERROR] [5]: Action 'img' was not found on handler 'event'

[Mon, 23 Apr 18 17:55:52 +0700][ERROR] [5]: Action 'vendor' was not found on handler 'event'

[Mon, 23 Apr 18 17:55:52 +0700][ERROR] [5]: Action 'js' was not found on handler 'event'

[Mon, 23 Apr 18 17:55:52 +0700][ERROR] [5]: Action 'js' was not found on handler 'event'

[Mon, 23 Apr 18 17:56:03 +0700][ERROR] [2]: JsController handler class cannot be loaded

[Mon, 23 Apr 18 17:56:03 +0700][ERROR] [2]: ImgController handler class cannot be loaded

[Mon, 23 Apr 18 17:56:08 +0700][ERROR] [2]: ImgController handler class cannot be loaded

[Mon, 23 Apr 18 18:51:08 +0700][ERROR] [2]: ImgController handler class cannot be loaded

[Mon, 23 Apr 18 18:51:12 +0700][ERROR] [5]: Action 'vendor' was not found on handler 'event'

[Mon, 23 Apr 18 18:51:12 +0700][ERROR] [5]: Action 'js' was not found on handler 'event'

[Mon, 23 Apr 18 18:51:12 +0700][ERROR] [5]: Action 'img' was not found on handler 'event'

[Mon, 23 Apr 18 18:51:12 +0700][ERROR] [5]: Action 'js' was not found on handler 'event'

[Mon, 23 Apr 18 18:51:26 +0700][ERROR] [2]: JsController handler class cannot be loaded

[Mon, 23 Apr 18 18:51:26 +0700][ERROR] [2]: ImgController handler class cannot be loaded

[Mon, 23 Apr 18 18:51:26 +0700][ERROR] [2]: JsController handler class cannot be loaded

[Mon, 23 Apr 18 19:12:08 +0700][ERROR] [2]: JsController handler class cannot be loaded

[Mon, 23 Apr 18 19:12:08 +0700][ERROR] [2]: ImgController handler class cannot be loaded

[Mon, 23 Apr 18 19:12:08 +0700][ERROR] [2]: JsController handler class cannot be loaded

[Mon, 23 Apr 18 19:12:16 +0700][ERROR] [5]: Action 'vendor' was not found on handler 'event'

[Mon, 23 Apr 18 19:12:16 +0700][ERROR] [5]: Action 'vendor' was not found on handler 'event'

[Mon, 23 Apr 18 19:12:42 +0700][ERROR] [2]: JsController handler class cannot be loaded

[Mon, 23 Apr 18 19:12:42 +0700][ERROR] [2]: ImgController handler class cannot be loaded

[Mon, 23 Apr 18 19:12:42 +0700][ERROR] [2]: JsController handler class cannot be loaded

[Mon, 23 Apr 18 19:37:23 +0700][ERROR] [2]: JsController handler class cannot be loaded

[Mon, 23 Apr 18 19:40:32 +0700][ERROR] [2]: JsController handler class cannot be loaded

[Mon, 23 Apr 18 19:40:34 +0700][ERROR] [5]: Action 'vendor' was not found on handler 'event'

[Mon, 23 Apr 18 19:40:34 +0700][ERROR] [5]: Action 'vendor' was not found on handler 'event'

[Mon, 23 Apr 18 19:40:34 +0700][ERROR] [5]: Action 'js' was not found on handler 'event'

[Mon, 23 Apr 18 19:40:34 +0700][ERROR] [5]: Action 'vendor' was not found on handler 'event'

[Mon, 23 Apr 18 19:40:34 +0700][ERROR] [5]: Action 'img' was not found on handler 'event'

[Mon, 23 Apr 18 19:40:34 +0700][ERROR] [5]: Action 'vendor' was not found on handler 'event'

[Mon, 23 Apr 18 19:40:34 +0700][ERROR] [5]: Action 'js' was not found on handler 'event'

[Mon, 23 Apr 18 19:40:44 +0700][ERROR] [2]: JsController handler class cannot be loaded

[Mon, 23 Apr 18 19:40:44 +0700][ERROR] [2]: ImgController handler class cannot be loaded

[Mon, 23 Apr 18 19:40:44 +0700][ERROR] [2]: JsController handler class cannot be loaded

[Mon, 23 Apr 18 19:40:47 +0700][ERROR] [5]: Action 'vendor' was not found on handler 'event'

[Mon, 23 Apr 18 19:40:47 +0700][ERROR] [5]: Action 'js' was not found on handler 'event'

[Mon, 23 Apr 18 19:40:53 +0700][ERROR] [2]: JsController handler class cannot be loaded

[Mon, 23 Apr 18 19:40:53 +0700][ERROR] [2]: ImgController handler class cannot be loaded

[Mon, 23 Apr 18 19:41:00 +0700][ERROR] [5]: Action 'vendor' was not found on handler 'event'

[Mon, 23 Apr 18 19:41:00 +0700][ERROR] [5]: Action 'vendor' was not found on handler 'event'

[Mon, 23 Apr 18 19:41:00 +0700][ERROR] [5]: Action 'js' was not found on handler 'event'

[Mon, 23 Apr 18 19:41:00 +0700][ERROR] [5]: Action 'js' was not found on handler 'event'

[Mon, 23 Apr 18 19:41:00 +0700][ERROR] [5]: Action 'vendor' was not found on handler 'event'

[Mon, 23 Apr 18 19:41:00 +0700][ERROR] [5]: Action 'vendor' was not found on handler 'event'

[Mon, 23 Apr 18 19:41:00 +0700][ERROR] [5]: Action 'js' was not found on handler 'event'

[Mon, 23 Apr 18 19:41:00 +0700][ERROR] [5]: Action 'js' was not found on handler 'event'

[Mon, 23 Apr 18 19:41:09 +0700][ERROR] [2]: JsController handler class cannot be loaded

[Mon, 23 Apr 18 19:41:09 +0700][ERROR] [2]: ImgController handler class cannot be loaded

[Mon, 23 Apr 18 19:41:09 +0700][ERROR] [2]: JsController handler class cannot be loaded

[Mon, 23 Apr 18 19:41:21 +0700][ERROR] [2]: ImgController handler class cannot be loaded

[Mon, 23 Apr 18 19:41:21 +0700][ERROR] [2]: JsController handler class cannot be loaded

[Mon, 23 Apr 18 19:41:25 +0700][ERROR] [5]: Action 'vendor' was not found on handler 'event'

[Mon, 23 Apr 18 19:41:25 +0700][ERROR] [5]: Action 'js' was not found on handler 'event'

[Mon, 23 Apr 18 19:41:25 +0700][ERROR] [5]: Action 'js' was not found on handler 'event'

[Mon, 23 Apr 18 19:41:25 +0700][ERROR] [5]: Action 'js' was not found on handler 'event'

[Mon, 23 Apr 18 19:41:25 +0700][ERROR] [5]: Action 'js' was not found on handler 'event'

[Mon, 23 Apr 18 19:41:33 +0700][ERROR] [2]: JsController handler class cannot be loaded

[Mon, 23 Apr 18 19:41:33 +0700][ERROR] [2]: ImgController handler class cannot be loaded

[Mon, 23 Apr 18 19:41:33 +0700][ERROR] [2]: JsController handler class cannot be loaded

[Mon, 23 Apr 18 20:31:17 +0700][ERROR] [2]: JsController handler class cannot be loaded

[Mon, 23 Apr 18 20:34:55 +0700][ERROR] [2]: JsController handler class cannot be loaded

[Mon, 23 Apr 18 20:34:55 +0700][ERROR] [2]: JsController handler class cannot be loaded

[Mon, 23 Apr 18 20:34:58 +0700][ERROR] [5]: Action 'add' was not found on handler 'event'

[Mon, 23 Apr 18 20:34:58 +0700][ERROR] [5]: Action 'img' was not found on handler 'event'

[Mon, 23 Apr 18 20:34:58 +0700][ERROR] [5]: Action 'vendor' was not found on handler 'event'

[Mon, 23 Apr 18 20:34:58 +0700][ERROR] [5]: Action 'js' was not found on handler 'event'

[Mon, 23 Apr 18 20:34:58 +0700][ERROR] [5]: Action 'js' was not found on handler 'event'

[Mon, 23 Apr 18 20:35:00 +0700][ERROR] [2]: JsController handler class cannot be loaded

[Mon, 23 Apr 18 20:35:00 +0700][ERROR] [2]: JsController handler class cannot be loaded

[Mon, 23 Apr 18 20:37:03 +0700][ERROR] [2]: JsController handler class cannot be loaded

[Mon, 23 Apr 18 20:37:03 +0700][ERROR] [2]: ImgController handler class cannot be loaded

[Mon, 23 Apr 18 20:37:03 +0700][ERROR] [2]: JsController handler class cannot be loaded

[Mon, 23 Apr 18 20:37:04 +0700][ERROR] [2]: AddcontrollerController handler class cannot be loaded

[Mon, 23 Apr 18 20:37:04 +0700][ERROR] [2]: JsController handler class cannot be loaded

[Mon, 23 Apr 18 20:37:04 +0700][ERROR] [2]: ImgController handler class cannot be loaded

[Mon, 23 Apr 18 20:37:04 +0700][ERROR] [2]: JsController handler class cannot be loaded

[Mon, 23 Apr 18 20:37:06 +0700][ERROR] [2]: JsController handler class cannot be loaded

[Mon, 23 Apr 18 20:37:06 +0700][ERROR] [2]: JsController handler class cannot be loaded

[Mon, 23 Apr 18 20:40:01 +0700][ERROR] [5]: Action 'add' was not found on handler 'event'

[Mon, 23 Apr 18 20:40:01 +0700][ERROR] [5]: Action 'vendor' was not found on handler 'event'

[Mon, 23 Apr 18 20:40:01 +0700][ERROR] [5]: Action 'js' was not found on handler 'event'

[Mon, 23 Apr 18 20:40:10 +0700][ERROR] [5]: Action 'add' was not found on handler 'event'

[Mon, 23 Apr 18 20:40:10 +0700][ERROR] [5]: Action 'vendor' was not found on handler 'event'

[Mon, 23 Apr 18 20:40:10 +0700][ERROR] [5]: Action 'js' was not found on handler 'event'

[Mon, 23 Apr 18 20:40:10 +0700][ERROR] [5]: Action 'vendor' was not found on handler 'event'

[Mon, 23 Apr 18 20:40:10 +0700][ERROR] [5]: Action 'js' was not found on handler 'event'

[Mon, 23 Apr 18 20:40:11 +0700][ERROR] [5]: Action 'add' was not found on handler 'event'

[Mon, 23 Apr 18 20:40:11 +0700][ERROR] [5]: Action 'vendor' was not found on handler 'event'

[Mon, 23 Apr 18 20:40:11 +0700][ERROR] [5]: Action 'vendor' was not found on handler 'event'

[Mon, 23 Apr 18 20:40:11 +0700][ERROR] [5]: Action 'img' was not found on handler 'event'

[Mon, 23 Apr 18 20:40:11 +0700][ERROR] [5]: Action 'add' was not found on handler 'event'

[Mon, 23 Apr 18 20:40:11 +0700][ERROR] [5]: Action 'img' was not found on handler 'event'

[Mon, 23 Apr 18 20:40:11 +0700][ERROR] [5]: Action 'vendor' was not found on handler 'event'

[Mon, 23 Apr 18 20:40:11 +0700][ERROR] [5]: Action 'vendor' was not found on handler 'event'

[Mon, 23 Apr 18 20:40:11 +0700][ERROR] [5]: Action 'js' was not found on handler 'event'

[Mon, 23 Apr 18 20:40:13 +0700][ERROR] [5]: Action 'add' was not found on handler 'event'

[Mon, 23 Apr 18 20:40:13 +0700][ERROR] [5]: Action 'vendor' was not found on handler 'event'

[Mon, 23 Apr 18 20:40:13 +0700][ERROR] [5]: Action 'vendor' was not found on handler 'event'

[Mon, 23 Apr 18 20:40:15 +0700][ERROR] [5]: Action 'add' was not found on handler 'event'

[Mon, 23 Apr 18 20:40:15 +0700][ERROR] [5]: Action 'vendor' was not found on handler 'event'

[Mon, 23 Apr 18 20:40:15 +0700][ERROR] [5]: Action 'vendor' was not found on handler 'event'

[Mon, 23 Apr 18 20:40:35 +0700][ERROR] [5]: Action 'add' was not found on handler 'event'

[Mon, 23 Apr 18 20:40:35 +0700][ERROR] [5]: Action 'vendor' was not found on handler 'event'

[Mon, 23 Apr 18 20:40:35 +0700][ERROR] [5]: Action 'vendor' was not found on handler 'event'

[Mon, 23 Apr 18 20:40:35 +0700][ERROR] [5]: Action 'vendor' was not found on handler 'event'

[Mon, 23 Apr 18 20:40:35 +0700][ERROR] [5]: Action 'img' was not found on handler 'event'

[Mon, 23 Apr 18 20:40:35 +0700][ERROR] [5]: Action 'vendor' was not found on handler 'event'

[Mon, 23 Apr 18 20:41:24 +0700][ERROR] [2]: JsController handler class cannot be loaded

[Mon, 23 Apr 18 20:41:24 +0700][ERROR] [2]: ImgController handler class cannot be loaded

[Mon, 23 Apr 18 20:41:24 +0700][ERROR] [2]: JsController handler class cannot be loaded

[Mon, 23 Apr 18 20:42:11 +0700][ERROR] [2]: JsController handler class cannot be loaded

[Mon, 23 Apr 18 20:42:11 +0700][ERROR] [2]: ImgController handler class cannot be loaded

[Mon, 23 Apr 18 20:42:11 +0700][ERROR] [2]: JsController handler class cannot be loaded

[Mon, 23 Apr 18 20:45:09 +0700][ERROR] [2]: JsController handler class cannot be loaded

[Mon, 23 Apr 18 20:45:09 +0700][ERROR] [2]: JsController handler class cannot be loaded

[Mon, 23 Apr 18 20:45:13 +0700][ERROR] [5]: Action 'add' was not found on handler 'event'

[Mon, 23 Apr 18 20:45:13 +0700][ERROR] [5]: Action 'vendor' was not found on handler 'event'

[Mon, 23 Apr 18 20:45:13 +0700][ERROR] [5]: Action 'vendor' was not found on handler 'event'

[Mon, 23 Apr 18 20:45:13 +0700][ERROR] [5]: Action 'js' was not found on handler 'event'

[Mon, 23 Apr 18 20:45:13 +0700][ERROR] [5]: Action 'img' was not found on handler 'event'

[Mon, 23 Apr 18 20:45:13 +0700][ERROR] [5]: Action 'js' was not found on handler 'event'

[Mon, 23 Apr 18 20:45:15 +0700][ERROR] [2]: JsController handler class cannot be loaded

[Mon, 23 Apr 18 20:45:15 +0700][ERROR] [2]: JsController handler class cannot be loaded

[Mon, 23 Apr 18 20:45:16 +0700][ERROR] [5]: Action 'add' was not found on handler 'event'

[Mon, 23 Apr 18 20:45:16 +0700][ERROR] [5]: Action 'vendor' was not found on handler 'event'

[Mon, 23 Apr 18 20:45:16 +0700][ERROR] [5]: Action 'vendor' was not found on handler 'event'

[Mon, 23 Apr 18 20:45:16 +0700][ERROR] [5]: Action 'js' was not found on handler 'event'

[Mon, 23 Apr 18 20:45:16 +0700][ERROR] [5]: Action 'vendor' was not found on handler 'event'

[Mon, 23 Apr 18 20:45:16 +0700][ERROR] [5]: Action 'js' was not found on handler 'event'

[Mon, 23 Apr 18 20:45:18 +0700][ERROR] [2]: JsController handler class cannot be loaded

[Mon, 23 Apr 18 20:45:18 +0700][ERROR] [2]: JsController handler class cannot be loaded

[Mon, 23 Apr 18 20:45:28 +0700][ERROR] [2]: JsController handler class cannot be loaded

[Mon, 23 Apr 18 20:45:28 +0700][ERROR] [2]: ImgController handler class cannot be loaded

[Mon, 23 Apr 18 20:45:30 +0700][ERROR] [2]: JsController handler class cannot be loaded

[Mon, 23 Apr 18 20:45:30 +0700][ERROR] [2]: ImgController handler class cannot be loaded

[Mon, 23 Apr 18 20:45:30 +0700][ERROR] [2]: JsController handler class cannot be loaded

[Mon, 23 Apr 18 20:45:32 +0700][ERROR] [5]: Action 'add' was not found on handler 'event'

[Mon, 23 Apr 18 20:45:32 +0700][ERROR] [5]: Action 'vendor' was not found on handler 'event'

[Mon, 23 Apr 18 20:45:32 +0700][ERROR] [5]: Action 'vendor' was not found on handler 'event'

[Mon, 23 Apr 18 20:47:09 +0700][ERROR] [2]: JsController handler class cannot be loaded

[Mon, 23 Apr 18 20:47:09 +0700][ERROR] [2]: ImgController handler class cannot be loaded

[Mon, 23 Apr 18 20:47:09 +0700][ERROR] [2]: JsController handler class cannot be loaded

[Mon, 23 Apr 18 20:48:38 +0700][ERROR] [2]: JsController handler class cannot be loaded

[Mon, 23 Apr 18 20:48:38 +0700][ERROR] [2]: ImgController handler class cannot be loaded

[Mon, 23 Apr 18 20:48:38 +0700][ERROR] [2]: JsController handler class cannot be loaded

[Mon, 23 Apr 18 20:48:42 +0700][ERROR] [5]: Action 'img' was not found on handler 'event'

[Mon, 23 Apr 18 20:48:42 +0700][ERROR] [5]: Action 'vendor' was not found on handler 'event'

[Mon, 23 Apr 18 20:48:42 +0700][ERROR] [5]: Action 'js' was not found on handler 'event'

[Mon, 23 Apr 18 20:48:42 +0700][ERROR] [5]: Action 'vendor' was not found on handler 'event'

[Mon, 23 Apr 18 20:48:42 +0700][ERROR] [5]: Action 'js' was not found on handler 'event'

[Mon, 23 Apr 18 20:48:53 +0700][ERROR] [5]: Action 'vendor' was not found on handler 'event'

[Mon, 23 Apr 18 20:48:53 +0700][ERROR] [5]: Action 'vendor' was not found on handler 'event'

[Mon, 23 Apr 18 20:48:53 +0700][ERROR] [5]: Action 'vendor' was not found on handler 'event'

[Mon, 23 Apr 18 20:48:53 +0700][ERROR] [5]: Action 'vendor' was not found on handler 'event'

[Mon, 23 Apr 18 20:48:53 +0700][ERROR] [5]: Action 'vendor' was not found on handler 'event'

[Mon, 23 Apr 18 20:48:53 +0700][ERROR] [5]: Action 'vendor' was not found on handler 'event'

[Mon, 23 Apr 18 20:49:00 +0700][ERROR] [2]: ImgController handler class cannot be loaded

[Mon, 23 Apr 18 20:49:00 +0700][ERROR] [2]: JsController handler class cannot be loaded

[Mon, 23 Apr 18 20:49:04 +0700][ERROR] [5]: Action 'vendor' was not found on handler 'event'

[Mon, 23 Apr 18 20:49:04 +0700][ERROR] [5]: Action 'vendor' was not found on handler 'event'

[Mon, 23 Apr 18 20:49:04 +0700][ERROR] [5]: Action 'js' was not found on handler 'event'

[Mon, 23 Apr 18 20:49:10 +0700][ERROR] [5]: Action 'vendor' was not found on handler 'event'

[Mon, 23 Apr 18 20:49:10 +0700][ERROR] [5]: Action 'vendor' was not found on handler 'event'

[Mon, 23 Apr 18 20:49:10 +0700][ERROR] [5]: Action 'vendor' was not found on handler 'event'

[Mon, 23 Apr 18 20:49:11 +0700][ERROR] [2]: JsController handler class cannot be loaded

[Mon, 23 Apr 18 20:49:11 +0700][ERROR] [2]: ImgController handler class cannot be loaded

[Mon, 23 Apr 18 20:49:11 +0700][ERROR] [2]: JsController handler class cannot be loaded

[Mon, 23 Apr 18 20:49:50 +0700][ERROR] [2]: JsController handler class cannot be loaded

[Mon, 23 Apr 18 20:49:50 +0700][ERROR] [2]: ImgController handler class cannot be loaded

[Mon, 23 Apr 18 20:49:50 +0700][ERROR] [2]: JsController handler class cannot be loaded

[Mon, 23 Apr 18 20:49:59 +0700][ERROR] [2]: JsController handler class cannot be loaded

[Mon, 23 Apr 18 20:49:59 +0700][ERROR] [2]: ImgController handler class cannot be loaded

[Mon, 23 Apr 18 20:49:59 +0700][ERROR] [2]: JsController handler class cannot be loaded

[Mon, 23 Apr 18 20:50:22 +0700][ERROR] [2]: JsController handler class cannot be loaded

[Mon, 23 Apr 18 20:50:22 +0700][ERROR] [2]: ImgController handler class cannot be loaded

[Mon, 23 Apr 18 20:50:22 +0700][ERROR] [2]: JsController handler class cannot be loaded

[Mon, 23 Apr 18 20:51:00 +0700][ERROR] [2]: JsController handler class cannot be loaded

[Mon, 23 Apr 18 20:51:00 +0700][ERROR] [2]: ImgController handler class cannot be loaded

[Mon, 23 Apr 18 20:51:00 +0700][ERROR] [2]: JsController handler class cannot be loaded

[Mon, 23 Apr 18 20:51:05 +0700][ERROR] [2]: ImgController handler class cannot be loaded

[Mon, 23 Apr 18 20:51:05 +0700][ERROR] [2]: JsController handler class cannot be loaded

[Mon, 23 Apr 18 20:56:46 +0700][ERROR] [5]: Action 'vendor' was not found on handler 'event'

[Mon, 23 Apr 18 20:56:46 +0700][ERROR] [5]: Action 'vendor' was not found on handler 'event'

[Mon, 23 Apr 18 20:56:47 +0700][ERROR] [5]: Action 'vendor' was not found on handler 'event'

[Mon, 23 Apr 18 20:56:47 +0700][ERROR] [5]: Action 'js' was not found on handler 'event'

[Mon, 23 Apr 18 20:56:47 +0700][ERROR] [5]: Action 'vendor' was not found on handler 'event'

[Mon, 23 Apr 18 20:56:47 +0700][ERROR] [5]: Action 'vendor' was not found on handler 'event'

[Mon, 23 Apr 18 20:56:47 +0700][ERROR] [5]: Action 'js' was not found on handler 'event'

[Mon, 23 Apr 18 20:56:49 +0700][ERROR] [5]: Action 'img' was not found on handler 'event'

[Mon, 23 Apr 18 20:56:49 +0700][ERROR] [5]: Action 'vendor' was not found on handler 'event'

[Mon, 23 Apr 18 20:56:49 +0700][ERROR] [5]: Action 'vendor' was not found on handler 'event'

[Mon, 23 Apr 18 20:56:49 +0700][ERROR] [5]: Action 'js' was not found on handler 'event'

[Mon, 23 Apr 18 20:56:49 +0700][ERROR] [5]: Action 'js' was not found on handler 'event'

[Mon, 23 Apr 18 20:56:50 +0700][ERROR] [2]: JsController handler class cannot be loaded

[Mon, 23 Apr 18 20:56:50 +0700][ERROR] [2]: ImgController handler class cannot be loaded

[Mon, 23 Apr 18 20:56:50 +0700][ERROR] [2]: JsController handler class cannot be loaded

[Mon, 23 Apr 18 20:56:52 +0700][ERROR] [2]: ImgController handler class cannot be loaded

[Mon, 23 Apr 18 20:56:52 +0700][ERROR] [2]: JsController handler class cannot be loaded

[Mon, 23 Apr 18 20:56:55 +0700][ERROR] [2]: JsController handler class cannot be loaded

[Mon, 23 Apr 18 20:56:55 +0700][ERROR] [2]: ImgController handler class cannot be loaded

[Mon, 23 Apr 18 20:56:55 +0700][ERROR] [2]: JsController handler class cannot be loaded

[Mon, 23 Apr 18 20:57:21 +0700][ERROR] [2]: JsController handler class cannot be loaded

[Mon, 23 Apr 18 20:57:21 +0700][ERROR] [2]: JsController handler class cannot be loaded

[Mon, 23 Apr 18 20:57:24 +0700][ERROR] [2]: JsController handler class cannot be loaded

[Mon, 23 Apr 18 20:57:24 +0700][ERROR] [2]: ImgController handler class cannot be loaded

[Mon, 23 Apr 18 20:57:24 +0700][ERROR] [2]: JsController handler class cannot be loaded

[Mon, 23 Apr 18 20:57:36 +0700][ERROR] [5]: Action 'vendor' was not found on handler 'event'

[Mon, 23 Apr 18 20:57:36 +0700][ERROR] [5]: Action 'vendor' was not found on handler 'event'

[Mon, 23 Apr 18 20:57:36 +0700][ERROR] [5]: Action 'js' was not found on handler 'event'

[Mon, 23 Apr 18 20:57:36 +0700][ERROR] [5]: Action 'vendor' was not found on handler 'event'

[Mon, 23 Apr 18 20:57:36 +0700][ERROR] [5]: Action 'js' was not found on handler 'event'

[Mon, 23 Apr 18 20:58:21 +0700][ERROR] [5]: Action 'vendor' was not found on handler 'event'

[Mon, 23 Apr 18 20:58:21 +0700][ERROR] [5]: Action 'vendor' was not found on handler 'event'

[Mon, 23 Apr 18 20:58:31 +0700][ERROR] [2]: JsController handler class cannot be loaded

[Mon, 23 Apr 18 20:58:31 +0700][ERROR] [2]: ImgController handler class cannot be loaded

[Mon, 23 Apr 18 20:58:52 +0700][ERROR] [2]: JsController handler class cannot be loaded

[Mon, 23 Apr 18 20:58:52 +0700][ERROR] [2]: ImgController handler class cannot be loaded

[Mon, 23 Apr 18 20:58:52 +0700][ERROR] [2]: JsController handler class cannot be loaded

[Mon, 23 Apr 18 20:58:54 +0700][ERROR] [2]: ImgController handler class cannot be loaded

[Mon, 23 Apr 18 20:58:55 +0700][ERROR] [2]: JsController handler class cannot be loaded

[Mon, 23 Apr 18 20:59:39 +0700][ERROR] [2]: JsController handler class cannot be loaded

[Mon, 23 Apr 18 20:59:39 +0700][ERROR] [2]: ImgController handler class cannot be loaded

[Mon, 23 Apr 18 20:59:39 +0700][ERROR] [2]: JsController handler class cannot be loaded

[Mon, 23 Apr 18 21:00:36 +0700][ERROR] [2]: JsController handler class cannot be loaded

[Mon, 23 Apr 18 21:00:36 +0700][ERROR] [2]: ImgController handler class cannot be loaded

[Mon, 23 Apr 18 21:00:36 +0700][ERROR] [2]: JsController handler class cannot be loaded

[Mon, 23 Apr 18 21:00:49 +0700][ERROR] [2]: JsController handler class cannot be loaded

[Mon, 23 Apr 18 21:00:49 +0700][ERROR] [2]: ImgController handler class cannot be loaded

[Mon, 23 Apr 18 21:00:49 +0700][ERROR] [2]: JsController handler class cannot be loaded

[Mon, 23 Apr 18 21:00:50 +0700][ERROR] [2]: JsController handler class cannot be loaded

[Mon, 23 Apr 18 21:00:51 +0700][ERROR] [2]: ImgController handler class cannot be loaded

[Mon, 23 Apr 18 21:00:51 +0700][ERROR] [2]: JsController handler class cannot be loaded

[Mon, 23 Apr 18 21:01:00 +0700][ERROR] [2]: JsController handler class cannot be loaded

[Mon, 23 Apr 18 21:01:00 +0700][ERROR] [2]: ImgController handler class cannot be loaded

[Mon, 23 Apr 18 21:01:00 +0700][ERROR] [2]: JsController handler class cannot be loaded

[Mon, 23 Apr 18 21:01:02 +0700][ERROR] [2]: ImgController handler class cannot be loaded

[Mon, 23 Apr 18 21:05:26 +0700][ERROR] [2]: JsController handler class cannot be loaded

[Mon, 23 Apr 18 21:07:23 +0700][ERROR] [2]: JsController handler class cannot be loaded

[Mon, 23 Apr 18 21:07:23 +0700][ERROR] [2]: JsController handler class cannot be loaded

[Mon, 23 Apr 18 21:07:26 +0700][ERROR] [2]: JsController handler class cannot be loaded

[Mon, 23 Apr 18 21:07:26 +0700][ERROR] [2]: JsController handler class cannot be loaded

[Mon, 23 Apr 18 21:07:29 +0700][ERROR] [2]: JsController handler class cannot be loaded

[Mon, 23 Apr 18 21:07:29 +0700][ERROR] [2]: JsController handler class cannot be loaded

[Mon, 23 Apr 18 21:09:02 +0700][ERROR] [2]: JsController handler class cannot be loaded

[Mon, 23 Apr 18 21:09:02 +0700][ERROR] [2]: ImgController handler class cannot be loaded

[Mon, 23 Apr 18 21:09:02 +0700][ERROR] [2]: JsController handler class cannot be loaded

[Mon, 23 Apr 18 21:09:02 +0700][ERROR] [2]: JsController handler class cannot be loaded

[Mon, 23 Apr 18 21:09:02 +0700][ERROR] [2]: ImgController handler class cannot be loaded

[Mon, 23 Apr 18 21:09:02 +0700][ERROR] [2]: JsController handler class cannot be loaded

[Mon, 23 Apr 18 21:09:03 +0700][ERROR] [2]: ImgController handler class cannot be loaded

[Mon, 23 Apr 18 21:09:03 +0700][ERROR] [2]: JsController handler class cannot be loaded

[Mon, 23 Apr 18 21:09:03 +0700][ERROR] [2]: JsController handler class cannot be loaded

[Mon, 23 Apr 18 21:09:03 +0700][ERROR] [2]: ImgController handler class cannot be loaded

[Mon, 23 Apr 18 21:09:03 +0700][ERROR] [2]: JsController handler class cannot be loaded

[Mon, 23 Apr 18 21:09:24 +0700][ERROR] [2]: JsController handler class cannot be loaded

[Mon, 23 Apr 18 21:09:24 +0700][ERROR] [2]: ImgController handler class cannot be loaded

[Mon, 23 Apr 18 21:09:24 +0700][ERROR] [2]: JsController handler class cannot be loaded

[Mon, 23 Apr 18 21:12:58 +0700][ERROR] [2]: JsController handler class cannot be loaded

[Mon, 23 Apr 18 21:12:58 +0700][ERROR] [2]: ImgController handler class cannot be loaded

[Mon, 23 Apr 18 21:12:58 +0700][ERROR] [2]: JsController handler class cannot be loaded

[Mon, 23 Apr 18 21:13:02 +0700][ERROR] [2]: ImgController handler class cannot be loaded

[Mon, 23 Apr 18 21:13:02 +0700][ERROR] [2]: JsController handler class cannot be loaded

[Mon, 23 Apr 18 21:19:34 +0700][ERROR] [2]: ImgController handler class cannot be loaded

[Mon, 23 Apr 18 21:19:34 +0700][ERROR] [2]: JsController handler class cannot be loaded

[Mon, 23 Apr 18 21:19:34 +0700][ERROR] [2]: JsController handler class cannot be loaded

[Mon, 23 Apr 18 21:19:35 +0700][ERROR] [2]: Edit85Controller handler class cannot be loaded

[Mon, 23 Apr 18 21:19:35 +0700][ERROR] [2]: JsController handler class cannot be loaded

[Mon, 23 Apr 18 21:19:35 +0700][ERROR] [2]: ImgController handler class cannot be loaded

[Mon, 23 Apr 18 21:19:35 +0700][ERROR] [2]: JsController handler class cannot be loaded

[Mon, 23 Apr 18 21:19:39 +0700][ERROR] [2]: JsController handler class cannot be loaded

[Mon, 23 Apr 18 21:19:39 +0700][ERROR] [2]: ImgController handler class cannot be loaded

[Mon, 23 Apr 18 21:19:39 +0700][ERROR] [2]: JsController handler class cannot be loaded

[Mon, 23 Apr 18 21:19:42 +0700][ERROR] [2]: Edit85Controller handler class cannot be loaded

[Mon, 23 Apr 18 21:19:42 +0700][ERROR] [2]: JsController handler class cannot be loaded

[Mon, 23 Apr 18 21:19:42 +0700][ERROR] [2]: ImgController handler class cannot be loaded

[Mon, 23 Apr 18 21:19:42 +0700][ERROR] [2]: JsController handler class cannot be loaded

